POST /api/v1/posts Status: 200 ResponseBodyLength: 358 - ResponseTime: 91.792 ms : [Thu, 21 Nov 2019 07:50:49 GMT]
POST /api/v1/posts Status: 200 ResponseBodyLength: 358 - ResponseTime: 13.339 ms : [Thu, 21 Nov 2019 07:51:06 GMT]
POST /api/v1/uploads/file-upload-in-directory Status: 401 ResponseBodyLength: 70 - ResponseTime: 90.382 ms : [Fri, 22 Nov 2019 04:44:22 GMT]
POST /api/v1/sessions Status: 500 ResponseBodyLength: 67 - ResponseTime: 21.796 ms : [Fri, 22 Nov 2019 04:44:34 GMT]
POST /api/v1/sessions Status: 500 ResponseBodyLength: 67 - ResponseTime: 1.323 ms : [Fri, 22 Nov 2019 04:44:49 GMT]
POST /api/v1/sessions Status: 500 ResponseBodyLength: 67 - ResponseTime: 1.642 ms : [Fri, 22 Nov 2019 04:44:56 GMT]
POST /api/v1/sessions Status: 500 ResponseBodyLength: 67 - ResponseTime: 1.306 ms : [Fri, 22 Nov 2019 04:45:03 GMT]
POST /api/v1/sessions Status: 500 ResponseBodyLength: 67 - ResponseTime: 1.275 ms : [Fri, 22 Nov 2019 04:46:30 GMT]
POST /api/v1/sessions Status: 500 ResponseBodyLength: 67 - ResponseTime: 1.227 ms : [Fri, 22 Nov 2019 04:46:36 GMT]
POST /api/v1/sessions Status: 500 ResponseBodyLength: 67 - ResponseTime: 1.650 ms : [Fri, 22 Nov 2019 04:46:53 GMT]
POST /api/v1/users Status: 200 ResponseBodyLength: 530 - ResponseTime: 420.839 ms : [Fri, 22 Nov 2019 04:47:13 GMT]
POST /api/v1/users Status: 422 ResponseBodyLength: 92 - ResponseTime: 4.902 ms : [Fri, 22 Nov 2019 04:49:20 GMT]
POST /api/v1/users Status: 422 ResponseBodyLength: 92 - ResponseTime: 1.992 ms : [Fri, 22 Nov 2019 04:51:24 GMT]
POST /api/v1/users Status: 422 ResponseBodyLength: 92 - ResponseTime: 1.466 ms : [Fri, 22 Nov 2019 04:51:37 GMT]
POST /api/v1/users Status: 422 ResponseBodyLength: 92 - ResponseTime: 94.857 ms : [Fri, 22 Nov 2019 04:51:50 GMT]
POST /api/v1/users Status: 422 ResponseBodyLength: 92 - ResponseTime: 37.314 ms : [Fri, 22 Nov 2019 04:52:16 GMT]
POST /api/v1/sessions Status: 500 ResponseBodyLength: 108 - ResponseTime: 57.742 ms : [Fri, 22 Nov 2019 04:54:11 GMT]
PUT /api/v1/users/verify-email Status: 200 ResponseBodyLength: 261 - ResponseTime: 65.606 ms : [Fri, 22 Nov 2019 04:54:45 GMT]
POST /api/v1/sessions Status: 200 ResponseBodyLength: 355 - ResponseTime: 121.521 ms : [Fri, 22 Nov 2019 04:54:57 GMT]
POST /api/v1/uploads/file-upload-in-directory Status: 422 ResponseBodyLength: 133 - ResponseTime: 65.550 ms : [Fri, 22 Nov 2019 04:55:11 GMT]
POST /api/v1/uploads/file-upload-in-directory Status: 200 ResponseBodyLength: 61 - ResponseTime: 230.677 ms : [Fri, 22 Nov 2019 04:57:39 GMT]
POST /api/v1/uploads/file-upload-in-directory Status: 200 ResponseBodyLength: 61 - ResponseTime: 59.986 ms : [Fri, 22 Nov 2019 04:58:10 GMT]
